<?xml version="1.0" encoding="UTF-8"?>
<testsuite name="com.socash.scgame.ScGameApplicationTests" tests="1" skipped="0" failures="0" errors="0" timestamp="2022-06-25T16:06:31" hostname="MB058.local" time="0.041">
  <properties/>
  <testcase name="contextLoads()" classname="com.socash.scgame.ScGameApplicationTests" time="0.041"/>
  <system-out><![CDATA[23:06:25.548 [Test worker] DEBUG org.springframework.test.context.BootstrapUtils - Instantiating CacheAwareContextLoaderDelegate from class [org.springframework.test.context.cache.DefaultCacheAwareContextLoaderDelegate]
23:06:25.559 [Test worker] DEBUG org.springframework.test.context.BootstrapUtils - Instantiating BootstrapContext using constructor [public org.springframework.test.context.support.DefaultBootstrapContext(java.lang.Class,org.springframework.test.context.CacheAwareContextLoaderDelegate)]
23:06:25.587 [Test worker] DEBUG org.springframework.test.context.BootstrapUtils - Instantiating TestContextBootstrapper for test class [com.socash.scgame.ScGameApplicationTests] from class [org.springframework.boot.test.context.SpringBootTestContextBootstrapper]
23:06:25.597 [Test worker] INFO org.springframework.boot.test.context.SpringBootTestContextBootstrapper - Neither @ContextConfiguration nor @ContextHierarchy found for test class [com.socash.scgame.ScGameApplicationTests], using SpringBootContextLoader
23:06:25.600 [Test worker] DEBUG org.springframework.test.context.support.AbstractContextLoader - Did not detect default resource location for test class [com.socash.scgame.ScGameApplicationTests]: class path resource [com/socash/scgame/ScGameApplicationTests-context.xml] does not exist
23:06:25.600 [Test worker] DEBUG org.springframework.test.context.support.AbstractContextLoader - Did not detect default resource location for test class [com.socash.scgame.ScGameApplicationTests]: class path resource [com/socash/scgame/ScGameApplicationTestsContext.groovy] does not exist
23:06:25.600 [Test worker] INFO org.springframework.test.context.support.AbstractContextLoader - Could not detect default resource locations for test class [com.socash.scgame.ScGameApplicationTests]: no resource found for suffixes {-context.xml, Context.groovy}.
23:06:25.601 [Test worker] DEBUG org.springframework.test.context.support.AnnotationConfigContextLoaderUtils - Ignoring class [com.socash.scgame.ScGameApplicationTests$AllCardsSame]; it must be static, non-private, non-final, and annotated with @Configuration to be considered a default configuration class.
23:06:25.601 [Test worker] DEBUG org.springframework.test.context.support.AnnotationConfigContextLoaderUtils - Ignoring class [com.socash.scgame.ScGameApplicationTests$checkCardSequence]; it must be static, non-private, non-final, and annotated with @Configuration to be considered a default configuration class.
23:06:25.601 [Test worker] DEBUG org.springframework.test.context.support.AnnotationConfigContextLoaderUtils - Ignoring class [com.socash.scgame.ScGameApplicationTests$twoCardSame]; it must be static, non-private, non-final, and annotated with @Configuration to be considered a default configuration class.
23:06:25.601 [Test worker] DEBUG org.springframework.test.context.support.AnnotationConfigContextLoaderUtils - Ignoring class [com.socash.scgame.ScGameApplicationTests$CardGameSetup]; it must be static, non-private, non-final, and annotated with @Configuration to be considered a default configuration class.
23:06:25.601 [Test worker] INFO org.springframework.test.context.support.AnnotationConfigContextLoaderUtils - Could not detect default configuration classes for test class [com.socash.scgame.ScGameApplicationTests]: ScGameApplicationTests does not declare any static, non-private, non-final, nested classes annotated with @Configuration.
23:06:25.637 [Test worker] DEBUG org.springframework.test.context.support.ActiveProfilesUtils - Could not find an 'annotation declaring class' for annotation type [org.springframework.test.context.ActiveProfiles] and class [com.socash.scgame.ScGameApplicationTests]
23:06:25.673 [Test worker] DEBUG org.springframework.context.annotation.ClassPathScanningCandidateComponentProvider - Identified candidate component class: file [/Users/cong.nguyen/socash/socash-challenge/build/classes/java/main/com/socash/scgame/ScGameApplication.class]
23:06:25.674 [Test worker] INFO org.springframework.boot.test.context.SpringBootTestContextBootstrapper - Found @SpringBootConfiguration com.socash.scgame.ScGameApplication for test class com.socash.scgame.ScGameApplicationTests
23:06:25.735 [Test worker] DEBUG org.springframework.boot.test.context.SpringBootTestContextBootstrapper - @TestExecutionListeners is not present for class [com.socash.scgame.ScGameApplicationTests]: using defaults.
23:06:25.736 [Test worker] INFO org.springframework.boot.test.context.SpringBootTestContextBootstrapper - Loaded default TestExecutionListener class names from location [META-INF/spring.factories]: [org.springframework.boot.test.autoconfigure.restdocs.RestDocsTestExecutionListener, org.springframework.boot.test.autoconfigure.web.client.MockRestServiceServerResetTestExecutionListener, org.springframework.boot.test.autoconfigure.web.servlet.MockMvcPrintOnlyOnFailureTestExecutionListener, org.springframework.boot.test.autoconfigure.web.servlet.WebDriverTestExecutionListener, org.springframework.boot.test.autoconfigure.webservices.client.MockWebServiceServerTestExecutionListener, org.springframework.boot.test.mock.mockito.MockitoTestExecutionListener, org.springframework.boot.test.mock.mockito.ResetMocksTestExecutionListener, org.springframework.test.context.web.ServletTestExecutionListener, org.springframework.test.context.support.DirtiesContextBeforeModesTestExecutionListener, org.springframework.test.context.event.ApplicationEventsTestExecutionListener, org.springframework.test.context.support.DependencyInjectionTestExecutionListener, org.springframework.test.context.support.DirtiesContextTestExecutionListener, org.springframework.test.context.transaction.TransactionalTestExecutionListener, org.springframework.test.context.jdbc.SqlScriptsTestExecutionListener, org.springframework.test.context.event.EventPublishingTestExecutionListener]
23:06:25.743 [Test worker] DEBUG org.springframework.boot.test.context.SpringBootTestContextBootstrapper - Skipping candidate TestExecutionListener [org.springframework.test.context.web.ServletTestExecutionListener] due to a missing dependency. Specify custom listener classes or make the default listener classes and their required dependencies available. Offending class: [javax/servlet/ServletContext]
23:06:25.744 [Test worker] DEBUG org.springframework.boot.test.context.SpringBootTestContextBootstrapper - Skipping candidate TestExecutionListener [org.springframework.test.context.transaction.TransactionalTestExecutionListener] due to a missing dependency. Specify custom listener classes or make the default listener classes and their required dependencies available. Offending class: [org/springframework/transaction/TransactionDefinition]
23:06:25.744 [Test worker] DEBUG org.springframework.boot.test.context.SpringBootTestContextBootstrapper - Skipping candidate TestExecutionListener [org.springframework.test.context.jdbc.SqlScriptsTestExecutionListener] due to a missing dependency. Specify custom listener classes or make the default listener classes and their required dependencies available. Offending class: [org/springframework/transaction/interceptor/TransactionAttribute]
23:06:25.745 [Test worker] INFO org.springframework.boot.test.context.SpringBootTestContextBootstrapper - Using TestExecutionListeners: [org.springframework.test.context.support.DirtiesContextBeforeModesTestExecutionListener@4b4dd216, org.springframework.test.context.event.ApplicationEventsTestExecutionListener@5ca17ab0, org.springframework.boot.test.mock.mockito.MockitoTestExecutionListener@5a62b2a4, org.springframework.boot.test.autoconfigure.SpringBootDependencyInjectionTestExecutionListener@1051817b, org.springframework.test.context.support.DirtiesContextTestExecutionListener@35293c05, org.springframework.test.context.event.EventPublishingTestExecutionListener@620aa4ea, org.springframework.boot.test.autoconfigure.restdocs.RestDocsTestExecutionListener@2db2dd9d, org.springframework.boot.test.autoconfigure.web.client.MockRestServiceServerResetTestExecutionListener@3174cb09, org.springframework.boot.test.autoconfigure.web.servlet.MockMvcPrintOnlyOnFailureTestExecutionListener@4d411036, org.springframework.boot.test.autoconfigure.web.servlet.WebDriverTestExecutionListener@7adbd080, org.springframework.boot.test.autoconfigure.webservices.client.MockWebServiceServerTestExecutionListener@41beb473, org.springframework.boot.test.mock.mockito.ResetMocksTestExecutionListener@560513ce]
23:06:25.747 [Test worker] DEBUG org.springframework.test.context.support.AbstractDirtiesContextTestExecutionListener - Before test class: context [DefaultTestContext@5769e7ae testClass = ScGameApplicationTests, testInstance = [null], testMethod = [null], testException = [null], mergedContextConfiguration = [MergedContextConfiguration@5c77053b testClass = ScGameApplicationTests, locations = '{}', classes = '{class com.socash.scgame.ScGameApplication}', contextInitializerClasses = '[]', activeProfiles = '{}', propertySourceLocations = '{}', propertySourceProperties = '{org.springframework.boot.test.context.SpringBootTestContextBootstrapper=true}', contextCustomizers = set[org.springframework.boot.test.autoconfigure.actuate.metrics.MetricsExportContextCustomizerFactory$DisableMetricExportContextCustomizer@b70da4c, org.springframework.boot.test.autoconfigure.properties.PropertyMappingContextCustomizer@0, org.springframework.boot.test.autoconfigure.web.servlet.WebDriverContextCustomizerFactory$Customizer@25bc0606, org.springframework.boot.test.context.filter.ExcludeFilterContextCustomizer@33aeca0b, org.springframework.boot.test.json.DuplicateJsonObjectContextCustomizerFactory$DuplicateJsonObjectContextCustomizer@1ae67cad, org.springframework.boot.test.mock.mockito.MockitoContextCustomizer@0, org.springframework.boot.test.web.client.TestRestTemplateContextCustomizer@5b1f29fa, org.springframework.boot.test.context.SpringBootTestArgs@1, org.springframework.boot.test.context.SpringBootTestWebEnvironment@34bde49d], contextLoader = 'org.springframework.boot.test.context.SpringBootContextLoader', parent = [null]], attributes = map[[empty]]], class annotated with @DirtiesContext [false] with mode [null].
23:06:25.755 [Test worker] DEBUG org.springframework.test.context.support.DependencyInjectionTestExecutionListener - Performing dependency injection for test context [[DefaultTestContext@5769e7ae testClass = ScGameApplicationTests, testInstance = com.socash.scgame.ScGameApplicationTests@5bd1ceca, testMethod = [null], testException = [null], mergedContextConfiguration = [MergedContextConfiguration@5c77053b testClass = ScGameApplicationTests, locations = '{}', classes = '{class com.socash.scgame.ScGameApplication}', contextInitializerClasses = '[]', activeProfiles = '{}', propertySourceLocations = '{}', propertySourceProperties = '{org.springframework.boot.test.context.SpringBootTestContextBootstrapper=true}', contextCustomizers = set[org.springframework.boot.test.autoconfigure.actuate.metrics.MetricsExportContextCustomizerFactory$DisableMetricExportContextCustomizer@b70da4c, org.springframework.boot.test.autoconfigure.properties.PropertyMappingContextCustomizer@0, org.springframework.boot.test.autoconfigure.web.servlet.WebDriverContextCustomizerFactory$Customizer@25bc0606, org.springframework.boot.test.context.filter.ExcludeFilterContextCustomizer@33aeca0b, org.springframework.boot.test.json.DuplicateJsonObjectContextCustomizerFactory$DuplicateJsonObjectContextCustomizer@1ae67cad, org.springframework.boot.test.mock.mockito.MockitoContextCustomizer@0, org.springframework.boot.test.web.client.TestRestTemplateContextCustomizer@5b1f29fa, org.springframework.boot.test.context.SpringBootTestArgs@1, org.springframework.boot.test.context.SpringBootTestWebEnvironment@34bde49d], contextLoader = 'org.springframework.boot.test.context.SpringBootContextLoader', parent = [null]], attributes = map['org.springframework.test.context.event.ApplicationEventsTestExecutionListener.recordApplicationEvents' -> false]]].

  .   ____          _            __ _ _
 /\\ / ___'_ __ _ _(_)_ __  __ _ \ \ \ \
( ( )\___ | '_ | '_| | '_ \/ _` | \ \ \ \
 \\/  ___)| |_)| | | | | || (_| |  ) ) ) )
  '  |____| .__|_| |_|_| |_\__, | / / / /
 =========|_|==============|___/=/_/_/_/
 :: Spring Boot ::                (v2.7.1)

2022-06-25 23:06:30.996  INFO 21162 --- [    Test worker] c.socash.scgame.ScGameApplicationTests   : Starting ScGameApplicationTests using Java 11.0.15 on MB058.local with PID 21162 (started by cong.nguyen in /Users/cong.nguyen/socash/socash-challenge)
2022-06-25 23:06:30.997  INFO 21162 --- [    Test worker] c.socash.scgame.ScGameApplicationTests   : No active profile set, falling back to 1 default profile: "default"
2022-06-25 23:06:31.397  INFO 21162 --- [    Test worker] c.socash.scgame.ScGameApplicationTests   : Started ScGameApplicationTests in 5.608 seconds (JVM running for 6.532)
2022-06-25 23:06:31.412  INFO 21162 --- [    Test worker] com.socash.scgame.ScGameApplication      : Player [playerId=1, playerName=P1, result=null]
2022-06-25 23:06:31.413  INFO 21162 --- [    Test worker] com.socash.scgame.ScGameApplication      : Player [playerId=2, playerName=P2, result=null]
2022-06-25 23:06:31.413  INFO 21162 --- [    Test worker] com.socash.scgame.ScGameApplication      : Player [playerId=3, playerName=P3, result=null]
2022-06-25 23:06:31.413  INFO 21162 --- [    Test worker] com.socash.scgame.ScGameApplication      : Player [playerId=4, playerName=P4, result=null]
2022-06-25 23:06:31.418  INFO 21162 --- [    Test worker] com.socash.scgame.ScGameApplication      : Player [playerId=4, playerName=P4, result=null]=[CARD [ Number=QUEEN], CARD [ Number=EIGHT], CARD [ Number=SIX]]
2022-06-25 23:06:31.418  INFO 21162 --- [    Test worker] com.socash.scgame.ScGameApplication      : Player [playerId=3, playerName=P3, result=null]=[CARD [ Number=QUEEN], CARD [ Number=TEN], CARD [ Number=THREE]]
2022-06-25 23:06:31.418  INFO 21162 --- [    Test worker] com.socash.scgame.ScGameApplication      : Player [playerId=1, playerName=P1, result=null]=[CARD [ Number=QUEEN], CARD [ Number=EIGHT], CARD [ Number=TWO]]
2022-06-25 23:06:31.418  INFO 21162 --- [    Test worker] com.socash.scgame.ScGameApplication      : Player [playerId=2, playerName=P2, result=null]=[CARD [ Number=JACK], CARD [ Number=NINE], CARD [ Number=SEVEN]]
2022-06-25 23:06:31.418  INFO 21162 --- [    Test worker] c.s.s.service.impl.SetupGameServiceImpl  : Winner not decide yet same card
2022-06-25 23:06:31.418  INFO 21162 --- [    Test worker] c.s.s.service.impl.SetupGameServiceImpl  : Winner not decide yet in isSequence
2022-06-25 23:06:31.419  INFO 21162 --- [    Test worker] c.s.s.service.impl.SetupGameServiceImpl  : Winner not decide yet in isTwoCardSame 
2022-06-25 23:06:31.420  INFO 21162 --- [    Test worker] c.s.s.service.impl.SetupGameServiceImpl  : in top order car Player [playerId=4, playerName=P4, result=null]
2022-06-25 23:06:31.420  INFO 21162 --- [    Test worker] com.socash.scgame.ScGameApplication      : Winner: Player [playerId=0, playerName=null, result=null]
]]></system-out>
  <system-err><![CDATA[]]></system-err>
</testsuite>
