<?xml version="1.0" encoding="UTF-8"?>
<testsuite name="com.socash.scgame.ScGameApplicationTests$AllCardsSame" tests="6" skipped="0" failures="0" errors="0" timestamp="2022-06-25T16:06:31" hostname="MB058.local" time="0.03">
  <properties/>
  <testcase name="check 3 card is same" classname="com.socash.scgame.ScGameApplicationTests$AllCardsSame" time="0.008"/>
  <testcase name="check 0 card is same" classname="com.socash.scgame.ScGameApplicationTests$AllCardsSame" time="0.005"/>
  <testcase name="check 4 card is same" classname="com.socash.scgame.ScGameApplicationTests$AllCardsSame" time="0.003"/>
  <testcase name="check 1 card is same" classname="com.socash.scgame.ScGameApplicationTests$AllCardsSame" time="0.002"/>
  <testcase name="check 2 card is same" classname="com.socash.scgame.ScGameApplicationTests$AllCardsSame" time="0.002"/>
  <testcase name="check 4 card is same out of 6" classname="com.socash.scgame.ScGameApplicationTests$AllCardsSame" time="0.002"/>
  <system-out><![CDATA[2022-06-25 23:06:31.476  INFO 21162 --- [    Test worker] .b.t.c.SpringBootTestContextBootstrapper : Neither @ContextConfiguration nor @ContextHierarchy found for test class [com.socash.scgame.ScGameApplicationTests$AllCardsSame], using SpringBootContextLoader
2022-06-25 23:06:31.478  INFO 21162 --- [    Test worker] o.s.t.c.support.AbstractContextLoader    : Could not detect default resource locations for test class [com.socash.scgame.ScGameApplicationTests$AllCardsSame]: no resource found for suffixes {-context.xml, Context.groovy}.
2022-06-25 23:06:31.479  INFO 21162 --- [    Test worker] t.c.s.AnnotationConfigContextLoaderUtils : Could not detect default configuration classes for test class [com.socash.scgame.ScGameApplicationTests$AllCardsSame]: AllCardsSame does not declare any static, non-private, non-final, nested classes annotated with @Configuration.
2022-06-25 23:06:31.485  INFO 21162 --- [    Test worker] .b.t.c.SpringBootTestContextBootstrapper : Found @SpringBootConfiguration com.socash.scgame.ScGameApplication for test class com.socash.scgame.ScGameApplicationTests$AllCardsSame
2022-06-25 23:06:31.488  INFO 21162 --- [    Test worker] .b.t.c.SpringBootTestContextBootstrapper : Loaded default TestExecutionListener class names from location [META-INF/spring.factories]: [org.springframework.boot.test.autoconfigure.restdocs.RestDocsTestExecutionListener, org.springframework.boot.test.autoconfigure.web.client.MockRestServiceServerResetTestExecutionListener, org.springframework.boot.test.autoconfigure.web.servlet.MockMvcPrintOnlyOnFailureTestExecutionListener, org.springframework.boot.test.autoconfigure.web.servlet.WebDriverTestExecutionListener, org.springframework.boot.test.autoconfigure.webservices.client.MockWebServiceServerTestExecutionListener, org.springframework.boot.test.mock.mockito.MockitoTestExecutionListener, org.springframework.boot.test.mock.mockito.ResetMocksTestExecutionListener, org.springframework.test.context.web.ServletTestExecutionListener, org.springframework.test.context.support.DirtiesContextBeforeModesTestExecutionListener, org.springframework.test.context.event.ApplicationEventsTestExecutionListener, org.springframework.test.context.support.DependencyInjectionTestExecutionListener, org.springframework.test.context.support.DirtiesContextTestExecutionListener, org.springframework.test.context.transaction.TransactionalTestExecutionListener, org.springframework.test.context.jdbc.SqlScriptsTestExecutionListener, org.springframework.test.context.event.EventPublishingTestExecutionListener]
2022-06-25 23:06:31.489  INFO 21162 --- [    Test worker] .b.t.c.SpringBootTestContextBootstrapper : Using TestExecutionListeners: [org.springframework.test.context.support.DirtiesContextBeforeModesTestExecutionListener@1d9bd4da, org.springframework.test.context.event.ApplicationEventsTestExecutionListener@4c58255, org.springframework.boot.test.mock.mockito.MockitoTestExecutionListener@eac3a26, org.springframework.boot.test.autoconfigure.SpringBootDependencyInjectionTestExecutionListener@10b1a751, org.springframework.test.context.support.DirtiesContextTestExecutionListener@53cf9c99, org.springframework.test.context.event.EventPublishingTestExecutionListener@7b306b9f, org.springframework.boot.test.autoconfigure.restdocs.RestDocsTestExecutionListener@142213d5, org.springframework.boot.test.autoconfigure.web.client.MockRestServiceServerResetTestExecutionListener@934b52f, org.springframework.boot.test.autoconfigure.web.servlet.MockMvcPrintOnlyOnFailureTestExecutionListener@2630dbc4, org.springframework.boot.test.autoconfigure.web.servlet.WebDriverTestExecutionListener@5ea4300e, org.springframework.boot.test.autoconfigure.webservices.client.MockWebServiceServerTestExecutionListener@5a1c3cb4, org.springframework.boot.test.mock.mockito.ResetMocksTestExecutionListener@76ad6715]
]]></system-out>
  <system-err><![CDATA[]]></system-err>
</testsuite>
