<?xml version="1.0" encoding="UTF-8"?>
<testsuite name="com.socash.scgame.ScGameApplicationTests$twoCardSame" tests="7" skipped="0" failures="0" errors="0" timestamp="2022-06-25T16:06:31" hostname="MB058.local" time="0.016">
  <properties/>
  <testcase name="check 4 card 5,5,3,2" classname="com.socash.scgame.ScGameApplicationTests$twoCardSame" time="0.001"/>
  <testcase name="check 4 card 1,3,2,1" classname="com.socash.scgame.ScGameApplicationTests$twoCardSame" time="0.002"/>
  <testcase name="check 4 card 1,13,13,1" classname="com.socash.scgame.ScGameApplicationTests$twoCardSame" time="0.001"/>
  <testcase name="check 4 card 1,8,12,11" classname="com.socash.scgame.ScGameApplicationTests$twoCardSame" time="0.002"/>
  <testcase name="check 3 card 11,12,11" classname="com.socash.scgame.ScGameApplicationTests$twoCardSame" time="0.002"/>
  <testcase name="check 3 card 5,5,11" classname="com.socash.scgame.ScGameApplicationTests$twoCardSame" time="0.001"/>
  <testcase name="check 3 card 8,5,11" classname="com.socash.scgame.ScGameApplicationTests$twoCardSame" time="0.002"/>
  <system-out><![CDATA[2022-06-25 23:06:31.566  INFO 21162 --- [    Test worker] .b.t.c.SpringBootTestContextBootstrapper : Neither @ContextConfiguration nor @ContextHierarchy found for test class [com.socash.scgame.ScGameApplicationTests$twoCardSame], using SpringBootContextLoader
2022-06-25 23:06:31.567  INFO 21162 --- [    Test worker] o.s.t.c.support.AbstractContextLoader    : Could not detect default resource locations for test class [com.socash.scgame.ScGameApplicationTests$twoCardSame]: no resource found for suffixes {-context.xml, Context.groovy}.
2022-06-25 23:06:31.567  INFO 21162 --- [    Test worker] t.c.s.AnnotationConfigContextLoaderUtils : Could not detect default configuration classes for test class [com.socash.scgame.ScGameApplicationTests$twoCardSame]: twoCardSame does not declare any static, non-private, non-final, nested classes annotated with @Configuration.
2022-06-25 23:06:31.569  INFO 21162 --- [    Test worker] .b.t.c.SpringBootTestContextBootstrapper : Found @SpringBootConfiguration com.socash.scgame.ScGameApplication for test class com.socash.scgame.ScGameApplicationTests$twoCardSame
2022-06-25 23:06:31.570  INFO 21162 --- [    Test worker] .b.t.c.SpringBootTestContextBootstrapper : Loaded default TestExecutionListener class names from location [META-INF/spring.factories]: [org.springframework.boot.test.autoconfigure.restdocs.RestDocsTestExecutionListener, org.springframework.boot.test.autoconfigure.web.client.MockRestServiceServerResetTestExecutionListener, org.springframework.boot.test.autoconfigure.web.servlet.MockMvcPrintOnlyOnFailureTestExecutionListener, org.springframework.boot.test.autoconfigure.web.servlet.WebDriverTestExecutionListener, org.springframework.boot.test.autoconfigure.webservices.client.MockWebServiceServerTestExecutionListener, org.springframework.boot.test.mock.mockito.MockitoTestExecutionListener, org.springframework.boot.test.mock.mockito.ResetMocksTestExecutionListener, org.springframework.test.context.web.ServletTestExecutionListener, org.springframework.test.context.support.DirtiesContextBeforeModesTestExecutionListener, org.springframework.test.context.event.ApplicationEventsTestExecutionListener, org.springframework.test.context.support.DependencyInjectionTestExecutionListener, org.springframework.test.context.support.DirtiesContextTestExecutionListener, org.springframework.test.context.transaction.TransactionalTestExecutionListener, org.springframework.test.context.jdbc.SqlScriptsTestExecutionListener, org.springframework.test.context.event.EventPublishingTestExecutionListener]
2022-06-25 23:06:31.571  INFO 21162 --- [    Test worker] .b.t.c.SpringBootTestContextBootstrapper : Using TestExecutionListeners: [org.springframework.test.context.support.DirtiesContextBeforeModesTestExecutionListener@1352434e, org.springframework.test.context.event.ApplicationEventsTestExecutionListener@4f9a6c2d, org.springframework.boot.test.mock.mockito.MockitoTestExecutionListener@2b6fcb9f, org.springframework.boot.test.autoconfigure.SpringBootDependencyInjectionTestExecutionListener@75de6341, org.springframework.test.context.support.DirtiesContextTestExecutionListener@74170687, org.springframework.test.context.event.EventPublishingTestExecutionListener@68f0f72c, org.springframework.boot.test.autoconfigure.restdocs.RestDocsTestExecutionListener@3d96fa9e, org.springframework.boot.test.autoconfigure.web.client.MockRestServiceServerResetTestExecutionListener@3b545206, org.springframework.boot.test.autoconfigure.web.servlet.MockMvcPrintOnlyOnFailureTestExecutionListener@77bb48d5, org.springframework.boot.test.autoconfigure.web.servlet.WebDriverTestExecutionListener@181d8899, org.springframework.boot.test.autoconfigure.webservices.client.MockWebServiceServerTestExecutionListener@12d5c30e, org.springframework.boot.test.mock.mockito.ResetMocksTestExecutionListener@b887730]
]]></system-out>
  <system-err><![CDATA[]]></system-err>
</testsuite>
