<?xml version="1.0" encoding="UTF-8"?>
<testsuite name="com.socash.scgame.ScGameApplicationTests$CardGameSetup" tests="1" skipped="0" failures="0" errors="0" timestamp="2022-06-25T16:06:31" hostname="MB058.local" time="0.004">
  <properties/>
  <testcase name="check same number of card" classname="com.socash.scgame.ScGameApplicationTests$CardGameSetup" time="0.004"/>
  <system-out><![CDATA[2022-06-25 23:06:31.591  INFO 21162 --- [    Test worker] .b.t.c.SpringBootTestContextBootstrapper : Neither @ContextConfiguration nor @ContextHierarchy found for test class [com.socash.scgame.ScGameApplicationTests$CardGameSetup], using SpringBootContextLoader
2022-06-25 23:06:31.592  INFO 21162 --- [    Test worker] o.s.t.c.support.AbstractContextLoader    : Could not detect default resource locations for test class [com.socash.scgame.ScGameApplicationTests$CardGameSetup]: no resource found for suffixes {-context.xml, Context.groovy}.
2022-06-25 23:06:31.592  INFO 21162 --- [    Test worker] t.c.s.AnnotationConfigContextLoaderUtils : Could not detect default configuration classes for test class [com.socash.scgame.ScGameApplicationTests$CardGameSetup]: CardGameSetup does not declare any static, non-private, non-final, nested classes annotated with @Configuration.
2022-06-25 23:06:31.593  INFO 21162 --- [    Test worker] .b.t.c.SpringBootTestContextBootstrapper : Found @SpringBootConfiguration com.socash.scgame.ScGameApplication for test class com.socash.scgame.ScGameApplicationTests$CardGameSetup
2022-06-25 23:06:31.595  INFO 21162 --- [    Test worker] .b.t.c.SpringBootTestContextBootstrapper : Loaded default TestExecutionListener class names from location [META-INF/spring.factories]: [org.springframework.boot.test.autoconfigure.restdocs.RestDocsTestExecutionListener, org.springframework.boot.test.autoconfigure.web.client.MockRestServiceServerResetTestExecutionListener, org.springframework.boot.test.autoconfigure.web.servlet.MockMvcPrintOnlyOnFailureTestExecutionListener, org.springframework.boot.test.autoconfigure.web.servlet.WebDriverTestExecutionListener, org.springframework.boot.test.autoconfigure.webservices.client.MockWebServiceServerTestExecutionListener, org.springframework.boot.test.mock.mockito.MockitoTestExecutionListener, org.springframework.boot.test.mock.mockito.ResetMocksTestExecutionListener, org.springframework.test.context.web.ServletTestExecutionListener, org.springframework.test.context.support.DirtiesContextBeforeModesTestExecutionListener, org.springframework.test.context.event.ApplicationEventsTestExecutionListener, org.springframework.test.context.support.DependencyInjectionTestExecutionListener, org.springframework.test.context.support.DirtiesContextTestExecutionListener, org.springframework.test.context.transaction.TransactionalTestExecutionListener, org.springframework.test.context.jdbc.SqlScriptsTestExecutionListener, org.springframework.test.context.event.EventPublishingTestExecutionListener]
2022-06-25 23:06:31.596  INFO 21162 --- [    Test worker] .b.t.c.SpringBootTestContextBootstrapper : Using TestExecutionListeners: [org.springframework.test.context.support.DirtiesContextBeforeModesTestExecutionListener@6e041285, org.springframework.test.context.event.ApplicationEventsTestExecutionListener@267dc982, org.springframework.boot.test.mock.mockito.MockitoTestExecutionListener@439b15f2, org.springframework.boot.test.autoconfigure.SpringBootDependencyInjectionTestExecutionListener@3aa41da1, org.springframework.test.context.support.DirtiesContextTestExecutionListener@74fab04a, org.springframework.test.context.event.EventPublishingTestExecutionListener@3c83468e, org.springframework.boot.test.autoconfigure.restdocs.RestDocsTestExecutionListener@272ce069, org.springframework.boot.test.autoconfigure.web.client.MockRestServiceServerResetTestExecutionListener@3d7fb838, org.springframework.boot.test.autoconfigure.web.servlet.MockMvcPrintOnlyOnFailureTestExecutionListener@1c26273d, org.springframework.boot.test.autoconfigure.web.servlet.WebDriverTestExecutionListener@3a37a501, org.springframework.boot.test.autoconfigure.webservices.client.MockWebServiceServerTestExecutionListener@7a583586, org.springframework.boot.test.mock.mockito.ResetMocksTestExecutionListener@3a26ec8d]
2022-06-25 23:06:31.599  INFO 21162 --- [    Test worker] c.socash.scgame.ScGameApplicationTests   : Player [playerId=1, playerName=P1, result=null]
2022-06-25 23:06:31.599  INFO 21162 --- [    Test worker] c.socash.scgame.ScGameApplicationTests   : Player [playerId=2, playerName=P2, result=null]
2022-06-25 23:06:31.599  INFO 21162 --- [    Test worker] c.socash.scgame.ScGameApplicationTests   : Player [playerId=3, playerName=P3, result=null]
2022-06-25 23:06:31.599  INFO 21162 --- [    Test worker] c.socash.scgame.ScGameApplicationTests   : Player [playerId=4, playerName=P4, result=null]
2022-06-25 23:06:31.600  INFO 21162 --- [    Test worker] c.socash.scgame.ScGameApplicationTests   : Player [playerId=2, playerName=P2, result=null]=[CARD [ Number=JACK], CARD [ Number=FOUR], CARD [ Number=THREE]]
2022-06-25 23:06:31.600  INFO 21162 --- [    Test worker] c.socash.scgame.ScGameApplicationTests   : Player [playerId=4, playerName=P4, result=null]=[CARD [ Number=JACK], CARD [ Number=THREE], CARD [ Number=TWO]]
2022-06-25 23:06:31.600  INFO 21162 --- [    Test worker] c.socash.scgame.ScGameApplicationTests   : Player [playerId=1, playerName=P1, result=null]=[CARD [ Number=FIVE], CARD [ Number=FIVE], CARD [ Number=FOUR]]
2022-06-25 23:06:31.600  INFO 21162 --- [    Test worker] c.socash.scgame.ScGameApplicationTests   : Player [playerId=3, playerName=P3, result=null]=[CARD [ Number=QUEEN], CARD [ Number=TEN], CARD [ Number=SEVEN]]
2022-06-25 23:06:31.600  INFO 21162 --- [    Test worker] c.s.s.service.impl.SetupGameServiceImpl  : Winner not decide yet same card
2022-06-25 23:06:31.600  INFO 21162 --- [    Test worker] c.s.s.service.impl.SetupGameServiceImpl  : Winner not decide yet in isSequence
2022-06-25 23:06:31.600  INFO 21162 --- [    Test worker] c.s.s.service.impl.SetupGameServiceImpl  : Winner in isTwoCardSame 
2022-06-25 23:06:31.601  INFO 21162 --- [    Test worker] c.s.s.service.impl.SetupGameServiceImpl  : Player [playerId=1, playerName=P1, result=W]
2022-06-25 23:06:31.601  INFO 21162 --- [    Test worker] c.socash.scgame.ScGameApplicationTests   : Winner: Player [playerId=1, playerName=P1, result=W]
]]></system-out>
  <system-err><![CDATA[]]></system-err>
</testsuite>
