<?xml version="1.0" encoding="UTF-8"?>
<testsuite name="com.socash.scgame.ScGameApplicationTests$checkCardSequence" tests="8" skipped="0" failures="0" errors="0" timestamp="2022-06-25T16:06:31" hostname="MB058.local" time="0.023">
  <properties/>
  <testcase name="check 4 card 5,4,3,2" classname="com.socash.scgame.ScGameApplicationTests$checkCardSequence" time="0.002"/>
  <testcase name="check 4 card 4,3,2,1" classname="com.socash.scgame.ScGameApplicationTests$checkCardSequence" time="0.002"/>
  <testcase name="check 4 card 1,13,12,11" classname="com.socash.scgame.ScGameApplicationTests$checkCardSequence" time="0.002"/>
  <testcase name="check 4 card 1,1,12,11" classname="com.socash.scgame.ScGameApplicationTests$checkCardSequence" time="0.002"/>
  <testcase name="check 3 card 1,12,11" classname="com.socash.scgame.ScGameApplicationTests$checkCardSequence" time="0.001"/>
  <testcase name="check 3 card 13,11,11" classname="com.socash.scgame.ScGameApplicationTests$checkCardSequence" time="0.003"/>
  <testcase name="check 3 card 13,12,11" classname="com.socash.scgame.ScGameApplicationTests$checkCardSequence" time="0.002"/>
  <testcase name="check 3 card 5,6,7" classname="com.socash.scgame.ScGameApplicationTests$checkCardSequence" time="0.002"/>
  <system-out><![CDATA[2022-06-25 23:06:31.530  INFO 21162 --- [    Test worker] .b.t.c.SpringBootTestContextBootstrapper : Neither @ContextConfiguration nor @ContextHierarchy found for test class [com.socash.scgame.ScGameApplicationTests$checkCardSequence], using SpringBootContextLoader
2022-06-25 23:06:31.532  INFO 21162 --- [    Test worker] o.s.t.c.support.AbstractContextLoader    : Could not detect default resource locations for test class [com.socash.scgame.ScGameApplicationTests$checkCardSequence]: no resource found for suffixes {-context.xml, Context.groovy}.
2022-06-25 23:06:31.532  INFO 21162 --- [    Test worker] t.c.s.AnnotationConfigContextLoaderUtils : Could not detect default configuration classes for test class [com.socash.scgame.ScGameApplicationTests$checkCardSequence]: checkCardSequence does not declare any static, non-private, non-final, nested classes annotated with @Configuration.
2022-06-25 23:06:31.535  INFO 21162 --- [    Test worker] .b.t.c.SpringBootTestContextBootstrapper : Found @SpringBootConfiguration com.socash.scgame.ScGameApplication for test class com.socash.scgame.ScGameApplicationTests$checkCardSequence
2022-06-25 23:06:31.537  INFO 21162 --- [    Test worker] .b.t.c.SpringBootTestContextBootstrapper : Loaded default TestExecutionListener class names from location [META-INF/spring.factories]: [org.springframework.boot.test.autoconfigure.restdocs.RestDocsTestExecutionListener, org.springframework.boot.test.autoconfigure.web.client.MockRestServiceServerResetTestExecutionListener, org.springframework.boot.test.autoconfigure.web.servlet.MockMvcPrintOnlyOnFailureTestExecutionListener, org.springframework.boot.test.autoconfigure.web.servlet.WebDriverTestExecutionListener, org.springframework.boot.test.autoconfigure.webservices.client.MockWebServiceServerTestExecutionListener, org.springframework.boot.test.mock.mockito.MockitoTestExecutionListener, org.springframework.boot.test.mock.mockito.ResetMocksTestExecutionListener, org.springframework.test.context.web.ServletTestExecutionListener, org.springframework.test.context.support.DirtiesContextBeforeModesTestExecutionListener, org.springframework.test.context.event.ApplicationEventsTestExecutionListener, org.springframework.test.context.support.DependencyInjectionTestExecutionListener, org.springframework.test.context.support.DirtiesContextTestExecutionListener, org.springframework.test.context.transaction.TransactionalTestExecutionListener, org.springframework.test.context.jdbc.SqlScriptsTestExecutionListener, org.springframework.test.context.event.EventPublishingTestExecutionListener]
2022-06-25 23:06:31.539  INFO 21162 --- [    Test worker] .b.t.c.SpringBootTestContextBootstrapper : Using TestExecutionListeners: [org.springframework.test.context.support.DirtiesContextBeforeModesTestExecutionListener@315f09ef, org.springframework.test.context.event.ApplicationEventsTestExecutionListener@3a66e67e, org.springframework.boot.test.mock.mockito.MockitoTestExecutionListener@75d4a80f, org.springframework.boot.test.autoconfigure.SpringBootDependencyInjectionTestExecutionListener@4596f8f3, org.springframework.test.context.support.DirtiesContextTestExecutionListener@ccf91df, org.springframework.test.context.event.EventPublishingTestExecutionListener@117d32e, org.springframework.boot.test.autoconfigure.restdocs.RestDocsTestExecutionListener@51d387d3, org.springframework.boot.test.autoconfigure.web.client.MockRestServiceServerResetTestExecutionListener@2370ac7a, org.springframework.boot.test.autoconfigure.web.servlet.MockMvcPrintOnlyOnFailureTestExecutionListener@534180a2, org.springframework.boot.test.autoconfigure.web.servlet.WebDriverTestExecutionListener@6cf0a747, org.springframework.boot.test.autoconfigure.webservices.client.MockWebServiceServerTestExecutionListener@21505815, org.springframework.boot.test.mock.mockito.ResetMocksTestExecutionListener@7e53339]
]]></system-out>
  <system-err><![CDATA[]]></system-err>
</testsuite>
